<?xml version="1.0" encoding="UTF-8"?>
<!-- Generated by org.testng.reporters.JUnitXMLReporter -->
<testsuite ignored="6" hostname="Motiurs-MBP.fios-router.home" failures="0" tests="1" name="Default test" time="34.164" errors="0" timestamp="2022-10-07T18:57:01 EDT">
  <testcase classname="pages.HomePageTest" name="logoTestclic02" time="18.595"/>
  <testcase classname="pages.HomePageTest" name="searchTest" time="0.0">
    <ignored/>
  </testcase> <!-- searchTest -->
  <testcase classname="pages.HomePageTest" name="addressTest" time="0.0">
    <ignored/>
  </testcase> <!-- addressTest -->
  <testcase classname="pages.HomePageTest" name="allButtonTest" time="0.0">
    <ignored/>
  </testcase> <!-- allButtonTest -->
  <testcase classname="pages.HomePageTest" name="logoTestclic" time="0.0">
    <ignored/>
  </testcase> <!-- logoTestclic -->
  <testcase classname="pages.HomePageTest" name="cartTest" time="0.0">
    <ignored/>
  </testcase> <!-- cartTest -->
  <testcase classname="pages.HomePageTest" name="logoTest" time="0.0">
    <ignored/>
  </testcase> <!-- logoTest -->
</testsuite> <!-- Default test -->
