<?xml version="1.0" encoding="UTF-8"?>
<testng-results ignored="6" total="7" passed="1" failed="0" skipped="0">
  <reporter-output>
  </reporter-output>
  <suite started-at="2022-10-07T18:56:27 EDT" name="Default suite" finished-at="2022-10-07T18:57:01 EDT" duration-ms="34164">
    <groups>
    </groups>
    <test started-at="2022-10-07T18:56:27 EDT" name="Default test" finished-at="2022-10-07T18:57:01 EDT" duration-ms="34164">
      <class name="pages.HomePageTest">
        <test-method is-config="true" signature="setUp()[pri:0, instance:pages.HomePageTest@2ea41516]" started-at="2022-10-07T18:56:27 EDT" name="setUp" finished-at="2022-10-07T18:56:42 EDT" duration-ms="15252" status="PASS">
          <reporter-output>
          </reporter-output>
        </test-method> <!-- setUp -->
        <test-method signature="logoTestclic02()[pri:0, instance:pages.HomePageTest@2ea41516]" started-at="2022-10-07T18:56:42 EDT" name="logoTestclic02" finished-at="2022-10-07T18:57:01 EDT" duration-ms="18595" status="PASS">
          <reporter-output>
          </reporter-output>
        </test-method> <!-- logoTestclic02 -->
        <test-method is-config="true" signature="tearUp()[pri:0, instance:pages.HomePageTest@2ea41516]" started-at="2022-10-07T18:57:01 EDT" name="tearUp" finished-at="2022-10-07T18:57:01 EDT" duration-ms="223" status="PASS">
          <reporter-output>
          </reporter-output>
        </test-method> <!-- tearUp -->
      </class> <!-- pages.HomePageTest -->
    </test> <!-- Default test -->
  </suite> <!-- Default suite -->
</testng-results>
